<?xml version="1.0" encoding="UTF-8"?>
<testng-results skipped="0" failed="0" ignored="0" total="5" passed="5">
  <reporter-output>
  </reporter-output>
  <suite name="Default suite" duration-ms="39250" started-at="2019-09-20T07:52:14Z" finished-at="2019-09-20T07:52:54Z">
    <groups>
    </groups>
    <test name="Default test" duration-ms="39250" started-at="2019-09-20T07:52:14Z" finished-at="2019-09-20T07:52:54Z">
      <class name="TestCases">
        <test-method status="PASS" signature="LaunchBrowser()[pri:1, instance:TestCases@8bd1b6a]" name="LaunchBrowser" duration-ms="22710" started-at="2019-09-20T07:52:15Z" finished-at="2019-09-20T07:52:37Z">
          <reporter-output>
          </reporter-output>
        </test-method> <!-- LaunchBrowser -->
        <test-method status="PASS" signature="GettheURL()[pri:2, instance:TestCases@8bd1b6a]" name="GettheURL" duration-ms="3684" started-at="2019-09-20T07:52:37Z" finished-at="2019-09-20T07:52:41Z">
          <reporter-output>
          </reporter-output>
        </test-method> <!-- GettheURL -->
        <test-method status="PASS" signature="GetUserNameandPassword()[pri:3, instance:TestCases@8bd1b6a]" name="GetUserNameandPassword" duration-ms="9610" started-at="2019-09-20T07:52:41Z" finished-at="2019-09-20T07:52:51Z">
          <reporter-output>
          </reporter-output>
        </test-method> <!-- GetUserNameandPassword -->
        <test-method status="PASS" signature="GetLog()[pri:4, instance:TestCases@8bd1b6a]" name="GetLog" duration-ms="202" started-at="2019-09-20T07:52:51Z" finished-at="2019-09-20T07:52:51Z">
          <reporter-output>
          </reporter-output>
        </test-method> <!-- GetLog -->
        <test-method status="PASS" signature="CloseBrowser()[pri:5, instance:TestCases@8bd1b6a]" name="CloseBrowser" duration-ms="2967" started-at="2019-09-20T07:52:51Z" finished-at="2019-09-20T07:52:54Z">
          <reporter-output>
          </reporter-output>
        </test-method> <!-- CloseBrowser -->
      </class> <!-- TestCases -->
    </test> <!-- Default test -->
  </suite> <!-- Default suite -->
</testng-results>
