<?xml version="1.0" encoding="UTF-8"?>
<!-- Generated by org.testng.reporters.JUnitXMLReporter -->
<testsuite hostname="LAPTOP-V4BJ7DE4" ignored="0" tests="5" failures="0" timestamp="20 Sep 2019 07:52:54 GMT" time="39.25" errors="0">
  <testcase name="LaunchBrowser" time="22.71" classname="TestCases"/>
  <testcase name="GettheURL" time="3.684" classname="TestCases"/>
  <testcase name="GetUserNameandPassword" time="9.61" classname="TestCases"/>
  <testcase name="GetLog" time="0.202" classname="TestCases"/>
  <testcase name="CloseBrowser" time="2.967" classname="TestCases"/>
</testsuite>
